<?xml version="1.0" encoding="UTF-8"?>
<testsuite name="com.stationary.bookmanagement.TestBookManagementApplication" tests="1" skipped="0" failures="0" errors="0" timestamp="2022-05-02T12:33:53" hostname="XE-GGN-IT-04422" time="0.894">
  <properties/>
  <testcase name="testAddBook()" classname="com.stationary.bookmanagement.TestBookManagementApplication" time="0.894"/>
  <system-out><![CDATA[18:03:30.060 [Test worker] DEBUG org.springframework.test.context.BootstrapUtils - Instantiating CacheAwareContextLoaderDelegate from class [org.springframework.test.context.cache.DefaultCacheAwareContextLoaderDelegate]
18:03:30.105 [Test worker] DEBUG org.springframework.test.context.BootstrapUtils - Instantiating BootstrapContext using constructor [public org.springframework.test.context.support.DefaultBootstrapContext(java.lang.Class,org.springframework.test.context.CacheAwareContextLoaderDelegate)]
18:03:30.203 [Test worker] DEBUG org.springframework.test.context.BootstrapUtils - Instantiating TestContextBootstrapper for test class [com.stationary.bookmanagement.TestBookManagementApplication] from class [org.springframework.boot.test.context.SpringBootTestContextBootstrapper]
18:03:30.239 [Test worker] INFO org.springframework.boot.test.context.SpringBootTestContextBootstrapper - Neither @ContextConfiguration nor @ContextHierarchy found for test class [com.stationary.bookmanagement.TestBookManagementApplication], using SpringBootContextLoader
18:03:30.264 [Test worker] DEBUG org.springframework.test.context.support.AbstractContextLoader - Did not detect default resource location for test class [com.stationary.bookmanagement.TestBookManagementApplication]: class path resource [com/stationary/bookmanagement/TestBookManagementApplication-context.xml] does not exist
18:03:30.272 [Test worker] DEBUG org.springframework.test.context.support.AbstractContextLoader - Did not detect default resource location for test class [com.stationary.bookmanagement.TestBookManagementApplication]: class path resource [com/stationary/bookmanagement/TestBookManagementApplicationContext.groovy] does not exist
18:03:30.272 [Test worker] INFO org.springframework.test.context.support.AbstractContextLoader - Could not detect default resource locations for test class [com.stationary.bookmanagement.TestBookManagementApplication]: no resource found for suffixes {-context.xml, Context.groovy}.
18:03:30.424 [Test worker] DEBUG org.springframework.test.context.support.ActiveProfilesUtils - Could not find an 'annotation declaring class' for annotation type [org.springframework.test.context.ActiveProfiles] and class [com.stationary.bookmanagement.TestBookManagementApplication]
18:03:30.828 [Test worker] DEBUG org.springframework.boot.test.context.SpringBootTestContextBootstrapper - @TestExecutionListeners is not present for class [com.stationary.bookmanagement.TestBookManagementApplication]: using defaults.
18:03:30.829 [Test worker] INFO org.springframework.boot.test.context.SpringBootTestContextBootstrapper - Loaded default TestExecutionListener class names from location [META-INF/spring.factories]: [org.springframework.boot.test.autoconfigure.restdocs.RestDocsTestExecutionListener, org.springframework.boot.test.autoconfigure.web.client.MockRestServiceServerResetTestExecutionListener, org.springframework.boot.test.autoconfigure.web.servlet.MockMvcPrintOnlyOnFailureTestExecutionListener, org.springframework.boot.test.autoconfigure.web.servlet.WebDriverTestExecutionListener, org.springframework.boot.test.autoconfigure.webservices.client.MockWebServiceServerTestExecutionListener, org.springframework.boot.test.mock.mockito.MockitoTestExecutionListener, org.springframework.boot.test.mock.mockito.ResetMocksTestExecutionListener, org.springframework.test.context.web.ServletTestExecutionListener, org.springframework.test.context.support.DirtiesContextBeforeModesTestExecutionListener, org.springframework.test.context.event.ApplicationEventsTestExecutionListener, org.springframework.test.context.support.DependencyInjectionTestExecutionListener, org.springframework.test.context.support.DirtiesContextTestExecutionListener, org.springframework.test.context.transaction.TransactionalTestExecutionListener, org.springframework.test.context.jdbc.SqlScriptsTestExecutionListener, org.springframework.test.context.event.EventPublishingTestExecutionListener]
18:03:30.910 [Test worker] INFO org.springframework.boot.test.context.SpringBootTestContextBootstrapper - Using TestExecutionListeners: [org.springframework.test.context.web.ServletTestExecutionListener@60afd40d, org.springframework.test.context.support.DirtiesContextBeforeModesTestExecutionListener@28a2a3e7, org.springframework.test.context.event.ApplicationEventsTestExecutionListener@3f2049b6, org.springframework.boot.test.mock.mockito.MockitoTestExecutionListener@10b3df93, org.springframework.boot.test.autoconfigure.SpringBootDependencyInjectionTestExecutionListener@ea27e34, org.springframework.test.context.support.DirtiesContextTestExecutionListener@33a2499c, org.springframework.test.context.transaction.TransactionalTestExecutionListener@e72dba7, org.springframework.test.context.jdbc.SqlScriptsTestExecutionListener@33c2bd, org.springframework.test.context.event.EventPublishingTestExecutionListener@1dfd5f51, org.springframework.boot.test.autoconfigure.restdocs.RestDocsTestExecutionListener@3c321bdb, org.springframework.boot.test.autoconfigure.web.client.MockRestServiceServerResetTestExecutionListener@24855019, org.springframework.boot.test.autoconfigure.web.servlet.MockMvcPrintOnlyOnFailureTestExecutionListener@3abd581e, org.springframework.boot.test.autoconfigure.web.servlet.WebDriverTestExecutionListener@4d4d8fcf, org.springframework.boot.test.autoconfigure.webservices.client.MockWebServiceServerTestExecutionListener@610db97e, org.springframework.boot.test.mock.mockito.ResetMocksTestExecutionListener@6f0628de]
18:03:30.924 [Test worker] DEBUG org.springframework.test.context.support.AbstractDirtiesContextTestExecutionListener - Before test class: context [DefaultTestContext@79f227a9 testClass = TestBookManagementApplication, testInstance = [null], testMethod = [null], testException = [null], mergedContextConfiguration = [WebMergedContextConfiguration@6ca320ab testClass = TestBookManagementApplication, locations = '{}', classes = '{class com.stationary.bookmanagement.BookManagementApplication}', contextInitializerClasses = '[]', activeProfiles = '{}', propertySourceLocations = '{}', propertySourceProperties = '{org.springframework.boot.test.context.SpringBootTestContextBootstrapper=true, server.port=0}', contextCustomizers = set[org.springframework.boot.test.autoconfigure.actuate.metrics.MetricsExportContextCustomizerFactory$DisableMetricExportContextCustomizer@422c3c7a, org.springframework.boot.test.autoconfigure.properties.PropertyMappingContextCustomizer@0, org.springframework.boot.test.autoconfigure.web.servlet.WebDriverContextCustomizerFactory$Customizer@306851c7, org.springframework.boot.test.context.filter.ExcludeFilterContextCustomizer@41813449, org.springframework.boot.test.json.DuplicateJsonObjectContextCustomizerFactory$DuplicateJsonObjectContextCustomizer@1080b026, org.springframework.boot.test.mock.mockito.MockitoContextCustomizer@0, org.springframework.boot.test.web.client.TestRestTemplateContextCustomizer@62ea3440, org.springframework.boot.test.context.SpringBootTestArgs@1, org.springframework.boot.test.context.SpringBootTestWebEnvironment@dc9876b], resourceBasePath = 'src/main/webapp', contextLoader = 'org.springframework.boot.test.context.SpringBootContextLoader', parent = [null]], attributes = map['org.springframework.test.context.web.ServletTestExecutionListener.activateListener' -> false]], class annotated with @DirtiesContext [false] with mode [null].
18:03:30.971 [Test worker] DEBUG org.springframework.test.context.support.DependencyInjectionTestExecutionListener - Performing dependency injection for test context [[DefaultTestContext@79f227a9 testClass = TestBookManagementApplication, testInstance = com.stationary.bookmanagement.TestBookManagementApplication@271f18d3, testMethod = [null], testException = [null], mergedContextConfiguration = [WebMergedContextConfiguration@6ca320ab testClass = TestBookManagementApplication, locations = '{}', classes = '{class com.stationary.bookmanagement.BookManagementApplication}', contextInitializerClasses = '[]', activeProfiles = '{}', propertySourceLocations = '{}', propertySourceProperties = '{org.springframework.boot.test.context.SpringBootTestContextBootstrapper=true, server.port=0}', contextCustomizers = set[org.springframework.boot.test.autoconfigure.actuate.metrics.MetricsExportContextCustomizerFactory$DisableMetricExportContextCustomizer@422c3c7a, org.springframework.boot.test.autoconfigure.properties.PropertyMappingContextCustomizer@0, org.springframework.boot.test.autoconfigure.web.servlet.WebDriverContextCustomizerFactory$Customizer@306851c7, org.springframework.boot.test.context.filter.ExcludeFilterContextCustomizer@41813449, org.springframework.boot.test.json.DuplicateJsonObjectContextCustomizerFactory$DuplicateJsonObjectContextCustomizer@1080b026, org.springframework.boot.test.mock.mockito.MockitoContextCustomizer@0, org.springframework.boot.test.web.client.TestRestTemplateContextCustomizer@62ea3440, org.springframework.boot.test.context.SpringBootTestArgs@1, org.springframework.boot.test.context.SpringBootTestWebEnvironment@dc9876b], resourceBasePath = 'src/main/webapp', contextLoader = 'org.springframework.boot.test.context.SpringBootContextLoader', parent = [null]], attributes = map['org.springframework.test.context.web.ServletTestExecutionListener.activateListener' -> false, 'org.springframework.test.context.event.ApplicationEventsTestExecutionListener.recordApplicationEvents' -> false]]].

  .   ____          _            __ _ _
 /\\ / ___'_ __ _ _(_)_ __  __ _ \ \ \ \
( ( )\___ | '_ | '_| | '_ \/ _` | \ \ \ \
 \\/  ___)| |_)| | | | | || (_| |  ) ) ) )
  '  |____| .__|_| |_|_| |_\__, | / / / /
 =========|_|==============|___/=/_/_/_/
 :: Spring Boot ::                (v2.6.3)

2022-05-02 18:03:32.411  INFO 39882 --- [    Test worker] c.s.b.TestBookManagementApplication      : Starting TestBookManagementApplication using Java 11.0.13 on XE-GGN-IT-04422 with PID 39882 (started by hariom.garg in /Users/hariom.garg/Documents/project/bookmanagement)
2022-05-02 18:03:32.413  INFO 39882 --- [    Test worker] c.s.b.TestBookManagementApplication      : No active profile set, falling back to default profiles: default
2022-05-02 18:03:35.807  INFO 39882 --- [    Test worker] .s.d.r.c.RepositoryConfigurationDelegate : Bootstrapping Spring Data JPA repositories in DEFAULT mode.
2022-05-02 18:03:36.729  INFO 39882 --- [    Test worker] .s.d.r.c.RepositoryConfigurationDelegate : Finished Spring Data repository scanning in 874 ms. Found 1 JPA repository interfaces.
2022-05-02 18:03:38.075  INFO 39882 --- [    Test worker] o.s.cloud.context.scope.GenericScope     : BeanFactory id=f93a3501-45bd-3307-b35c-3bd186865e26
2022-05-02 18:03:40.559  INFO 39882 --- [    Test worker] o.s.b.w.embedded.tomcat.TomcatWebServer  : Tomcat initialized with port(s): 0 (http)
2022-05-02 18:03:40.645  INFO 39882 --- [    Test worker] o.apache.catalina.core.StandardService   : Starting service [Tomcat]
2022-05-02 18:03:40.649  INFO 39882 --- [    Test worker] org.apache.catalina.core.StandardEngine  : Starting Servlet engine: [Apache Tomcat/9.0.56]
2022-05-02 18:03:41.451  INFO 39882 --- [    Test worker] o.a.c.c.C.[Tomcat].[localhost].[/]       : Initializing Spring embedded WebApplicationContext
2022-05-02 18:03:41.451  INFO 39882 --- [    Test worker] w.s.c.ServletWebServerApplicationContext : Root WebApplicationContext: initialization completed in 8990 ms
2022-05-02 18:03:41.803  INFO 39882 --- [    Test worker] com.zaxxer.hikari.HikariDataSource       : HikariPool-1 - Starting...
2022-05-02 18:03:42.132  INFO 39882 --- [    Test worker] com.zaxxer.hikari.pool.PoolBase          : HikariPool-1 - Driver does not support get/set network timeout for connections. (Receiver class org.h2.jdbc.JdbcConnection does not define or inherit an implementation of the resolved method 'abstract int getNetworkTimeout()' of interface java.sql.Connection.)
2022-05-02 18:03:42.260  INFO 39882 --- [    Test worker] com.zaxxer.hikari.HikariDataSource       : HikariPool-1 - Start completed.
2022-05-02 18:03:42.407  INFO 39882 --- [    Test worker] o.s.b.a.h2.H2ConsoleAutoConfiguration    : H2 console available at '/h2-console'. Database available at 'jdbc:h2:mem:book'
2022-05-02 18:03:43.583  INFO 39882 --- [    Test worker] o.hibernate.jpa.internal.util.LogHelper  : HHH000204: Processing PersistenceUnitInfo [name: default]
2022-05-02 18:03:43.863  INFO 39882 --- [    Test worker] org.hibernate.Version                    : HHH000412: Hibernate ORM core version 5.6.4.Final
2022-05-02 18:03:44.350  INFO 39882 --- [    Test worker] o.hibernate.annotations.common.Version   : HCANN000001: Hibernate Commons Annotations {5.1.2.Final}
2022-05-02 18:03:44.804  INFO 39882 --- [    Test worker] org.hibernate.dialect.Dialect            : HHH000400: Using dialect: org.hibernate.dialect.H2Dialect
Hibernate: create table book (id bigint generated by default as identity, author varchar(255), description varchar(255), isbn varchar(255), name varchar(255), price double, type varchar(255), primary key (id))
2022-05-02 18:03:46.801  INFO 39882 --- [    Test worker] o.h.e.t.j.p.i.JtaPlatformInitiator       : HHH000490: Using JtaPlatform implementation: [org.hibernate.engine.transaction.jta.platform.internal.NoJtaPlatform]
2022-05-02 18:03:46.823  INFO 39882 --- [    Test worker] j.LocalContainerEntityManagerFactoryBean : Initialized JPA EntityManagerFactory for persistence unit 'default'
2022-05-02 18:03:48.167  WARN 39882 --- [    Test worker] JpaBaseConfiguration$JpaWebConfiguration : spring.jpa.open-in-view is enabled by default. Therefore, database queries may be performed during view rendering. Explicitly configure spring.jpa.open-in-view to disable this warning
2022-05-02 18:03:50.932  INFO 39882 --- [    Test worker] DiscoveryClientOptionalArgsConfiguration : Eureka HTTP Client uses RestTemplate.
2022-05-02 18:03:51.337  WARN 39882 --- [    Test worker] iguration$LoadBalancerCaffeineWarnLogger : Spring Cloud LoadBalancer is currently working with the default cache. While this cache implementation is useful for development and tests, it's recommended to use Caffeine cache in production.You can switch to using Caffeine cache, by adding it and org.springframework.cache.caffeine.CaffeineCacheManager to the classpath.
2022-05-02 18:03:52.116  INFO 39882 --- [    Test worker] o.s.b.w.embedded.tomcat.TomcatWebServer  : Tomcat started on port(s): 52645 (http) with context path ''
2022-05-02 18:03:52.121  INFO 39882 --- [    Test worker] .s.c.n.e.s.EurekaAutoServiceRegistration : Updating port to 52645
2022-05-02 18:03:52.144  INFO 39882 --- [    Test worker] o.s.c.n.eureka.InstanceInfoFactory       : Setting initial instance status as: STARTING
2022-05-02 18:03:52.401  INFO 39882 --- [    Test worker] com.netflix.discovery.DiscoveryClient    : Initializing Eureka in region us-east-1
2022-05-02 18:03:52.409  INFO 39882 --- [    Test worker] c.n.d.s.r.aws.ConfigClusterResolver      : Resolving eureka endpoints via configuration
2022-05-02 18:03:52.449  INFO 39882 --- [    Test worker] com.netflix.discovery.DiscoveryClient    : Disable delta property : false
2022-05-02 18:03:52.450  INFO 39882 --- [    Test worker] com.netflix.discovery.DiscoveryClient    : Single vip registry refresh property : null
2022-05-02 18:03:52.450  INFO 39882 --- [    Test worker] com.netflix.discovery.DiscoveryClient    : Force full registry fetch : false
2022-05-02 18:03:52.450  INFO 39882 --- [    Test worker] com.netflix.discovery.DiscoveryClient    : Application is null : false
2022-05-02 18:03:52.450  INFO 39882 --- [    Test worker] com.netflix.discovery.DiscoveryClient    : Registered Applications size is zero : true
2022-05-02 18:03:52.450  INFO 39882 --- [    Test worker] com.netflix.discovery.DiscoveryClient    : Application version is -1: true
2022-05-02 18:03:52.450  INFO 39882 --- [    Test worker] com.netflix.discovery.DiscoveryClient    : Getting all instance registry info from the eureka server
2022-05-02 18:03:53.170  INFO 39882 --- [    Test worker] com.netflix.discovery.DiscoveryClient    : The response status is 200
2022-05-02 18:03:53.178  INFO 39882 --- [    Test worker] com.netflix.discovery.DiscoveryClient    : Starting heartbeat executor: renew interval is: 30
2022-05-02 18:03:53.184  INFO 39882 --- [    Test worker] c.n.discovery.InstanceInfoReplicator     : InstanceInfoReplicator onDemand update allowed rate per min is 4
2022-05-02 18:03:53.191  INFO 39882 --- [    Test worker] com.netflix.discovery.DiscoveryClient    : Discovery Client initialized at timestamp 1651494833189 with initial instances count: 0
2022-05-02 18:03:53.204  INFO 39882 --- [    Test worker] o.s.c.n.e.s.EurekaServiceRegistry        : Registering application BOOKSTORE with eureka with status UP
2022-05-02 18:03:53.205  INFO 39882 --- [    Test worker] com.netflix.discovery.DiscoveryClient    : Saw local status change event StatusChangeEvent [timestamp=1651494833205, current=UP, previous=STARTING]
2022-05-02 18:03:53.208  INFO 39882 --- [nfoReplicator-0] com.netflix.discovery.DiscoveryClient    : DiscoveryClient_BOOKSTORE/192.168.1.15:bookstore:0: registering service...
2022-05-02 18:03:53.237  INFO 39882 --- [    Test worker] c.s.b.TestBookManagementApplication      : Started TestBookManagementApplication in 22.183 seconds (JVM running for 25.647)
2022-05-02 18:03:53.435  INFO 39882 --- [nfoReplicator-0] com.netflix.discovery.DiscoveryClient    : DiscoveryClient_BOOKSTORE/192.168.1.15:bookstore:0 - registration status: 204
2022-05-02 18:03:53.638  INFO 39882 --- [o-auto-1-exec-1] o.a.c.c.C.[Tomcat].[localhost].[/]       : Initializing Spring DispatcherServlet 'dispatcherServlet'
2022-05-02 18:03:53.639  INFO 39882 --- [o-auto-1-exec-1] o.s.web.servlet.DispatcherServlet        : Initializing Servlet 'dispatcherServlet'
2022-05-02 18:03:53.640  INFO 39882 --- [o-auto-1-exec-1] o.s.web.servlet.DispatcherServlet        : Completed initialization in 1 ms
Hibernate: select book0_.id as id1_0_0_, book0_.author as author2_0_0_, book0_.description as descript3_0_0_, book0_.isbn as isbn4_0_0_, book0_.name as name5_0_0_, book0_.price as price6_0_0_, book0_.type as type7_0_0_ from book book0_ where book0_.id=?
Hibernate: select book0_.id as id1_0_0_, book0_.author as author2_0_0_, book0_.description as descript3_0_0_, book0_.isbn as isbn4_0_0_, book0_.name as name5_0_0_, book0_.price as price6_0_0_, book0_.type as type7_0_0_ from book book0_ where book0_.id=?
Hibernate: insert into book (id, author, description, isbn, name, price, type) values (null, ?, ?, ?, ?, ?, ?)
<200,Book has been saved successfully,[Content-Type:"text/plain;charset=UTF-8", Content-Length:"32", Date:"Mon, 02 May 2022 12:33:54 GMT", Keep-Alive:"timeout=60", Connection:"keep-alive"]>
]]></system-out>
  <system-err><![CDATA[]]></system-err>
</testsuite>
