<?xml version="1.0" encoding="UTF-8"?>
<testsuite name="com.stationary.bookmanagement.controller.BookControllerTest" tests="10" skipped="0" failures="0" errors="0" timestamp="2022-05-02T12:33:54" hostname="XE-GGN-IT-04422" time="0.211">
  <properties/>
  <testcase name="updateBookTest()" classname="com.stationary.bookmanagement.controller.BookControllerTest" time="0.049"/>
  <testcase name="updateBookTestWhenBookIdIsNull()" classname="com.stationary.bookmanagement.controller.BookControllerTest" time="0.012"/>
  <testcase name="deleteBookTest()" classname="com.stationary.bookmanagement.controller.BookControllerTest" time="0.018"/>
  <testcase name="getBookListTest()" classname="com.stationary.bookmanagement.controller.BookControllerTest" time="0.028"/>
  <testcase name="deleteBookTest_When_Id_NotFound()" classname="com.stationary.bookmanagement.controller.BookControllerTest" time="0.016"/>
  <testcase name="totalPriceTestWithPromotionCode()" classname="com.stationary.bookmanagement.controller.BookControllerTest" time="0.011"/>
  <testcase name="totalPriceTestWithoutPromotionCode()" classname="com.stationary.bookmanagement.controller.BookControllerTest" time="0.008"/>
  <testcase name="getBookListTest_WhenNoBookFound()" classname="com.stationary.bookmanagement.controller.BookControllerTest" time="0.014"/>
  <testcase name="saveBookTest()" classname="com.stationary.bookmanagement.controller.BookControllerTest" time="0.011"/>
  <testcase name="updateBookTest_When_Id_NotFound()" classname="com.stationary.bookmanagement.controller.BookControllerTest" time="0.009"/>
  <system-out><![CDATA[2022-05-02 18:03:54.165  INFO 39882 --- [    Test worker] .b.t.c.SpringBootTestContextBootstrapper : Neither @ContextConfiguration nor @ContextHierarchy found for test class [com.stationary.bookmanagement.controller.BookControllerTest], using SpringBootContextLoader
2022-05-02 18:03:54.167  INFO 39882 --- [    Test worker] o.s.t.c.support.AbstractContextLoader    : Could not detect default resource locations for test class [com.stationary.bookmanagement.controller.BookControllerTest]: no resource found for suffixes {-context.xml, Context.groovy}.
2022-05-02 18:03:54.173  INFO 39882 --- [    Test worker] .b.t.c.SpringBootTestContextBootstrapper : Loaded default TestExecutionListener class names from location [META-INF/spring.factories]: [org.springframework.boot.test.autoconfigure.restdocs.RestDocsTestExecutionListener, org.springframework.boot.test.autoconfigure.web.client.MockRestServiceServerResetTestExecutionListener, org.springframework.boot.test.autoconfigure.web.servlet.MockMvcPrintOnlyOnFailureTestExecutionListener, org.springframework.boot.test.autoconfigure.web.servlet.WebDriverTestExecutionListener, org.springframework.boot.test.autoconfigure.webservices.client.MockWebServiceServerTestExecutionListener, org.springframework.boot.test.mock.mockito.MockitoTestExecutionListener, org.springframework.boot.test.mock.mockito.ResetMocksTestExecutionListener, org.springframework.test.context.web.ServletTestExecutionListener, org.springframework.test.context.support.DirtiesContextBeforeModesTestExecutionListener, org.springframework.test.context.event.ApplicationEventsTestExecutionListener, org.springframework.test.context.support.DependencyInjectionTestExecutionListener, org.springframework.test.context.support.DirtiesContextTestExecutionListener, org.springframework.test.context.transaction.TransactionalTestExecutionListener, org.springframework.test.context.jdbc.SqlScriptsTestExecutionListener, org.springframework.test.context.event.EventPublishingTestExecutionListener]
2022-05-02 18:03:54.174  INFO 39882 --- [    Test worker] .b.t.c.SpringBootTestContextBootstrapper : Using TestExecutionListeners: [org.springframework.test.context.web.ServletTestExecutionListener@12b0440b, org.springframework.test.context.support.DirtiesContextBeforeModesTestExecutionListener@517594dd, org.springframework.test.context.event.ApplicationEventsTestExecutionListener@5a98983b, org.springframework.boot.test.mock.mockito.MockitoTestExecutionListener@1390cc4c, org.springframework.boot.test.autoconfigure.SpringBootDependencyInjectionTestExecutionListener@3905229, org.springframework.test.context.support.DirtiesContextTestExecutionListener@7ebefdfa, org.springframework.test.context.transaction.TransactionalTestExecutionListener@60f9fb56, org.springframework.test.context.jdbc.SqlScriptsTestExecutionListener@751eb9a9, org.springframework.test.context.event.EventPublishingTestExecutionListener@749ebc39, org.springframework.boot.test.autoconfigure.restdocs.RestDocsTestExecutionListener@7dc6ce7d, org.springframework.boot.test.autoconfigure.web.client.MockRestServiceServerResetTestExecutionListener@52caa9d8, org.springframework.boot.test.autoconfigure.web.servlet.MockMvcPrintOnlyOnFailureTestExecutionListener@521981d9, org.springframework.boot.test.autoconfigure.web.servlet.WebDriverTestExecutionListener@53e780d7, org.springframework.boot.test.autoconfigure.webservices.client.MockWebServiceServerTestExecutionListener@181909f0, org.springframework.boot.test.mock.mockito.ResetMocksTestExecutionListener@1f9af742]
]]></system-out>
  <system-err><![CDATA[]]></system-err>
</testsuite>
